[2022-10-04 20:23:54] local.ERROR: Invalid route action: [welcome]. {"exception":"[object] (UnexpectedValueException(code: 0): Invalid route action: [welcome]. at /Users/benjamin/Desktop/laravel/L9V3/vendor/laravel/framework/src/Illuminate/Routing/RouteAction.php:92)
[stacktrace]
#0 /Users/benjamin/Desktop/laravel/L9V3/vendor/laravel/framework/src/Illuminate/Routing/RouteAction.php(47): Illuminate\\Routing\\RouteAction::makeInvokable('welcome')
#1 /Users/benjamin/Desktop/laravel/L9V3/vendor/laravel/framework/src/Illuminate/Routing/Route.php(190): Illuminate\\Routing\\RouteAction::parse('/', Array)
#2 /Users/benjamin/Desktop/laravel/L9V3/vendor/laravel/framework/src/Illuminate/Routing/Route.php(171): Illuminate\\Routing\\Route->parseAction(Array)
#3 /Users/benjamin/Desktop/laravel/L9V3/vendor/laravel/framework/src/Illuminate/Routing/Router.php(588): Illuminate\\Routing\\Route->__construct(Array, '/', Array)
#4 /Users/benjamin/Desktop/laravel/L9V3/vendor/laravel/framework/src/Illuminate/Routing/Router.php(481): Illuminate\\Routing\\Router->newRoute(Array, '/', Array)
#5 /Users/benjamin/Desktop/laravel/L9V3/vendor/laravel/framework/src/Illuminate/Routing/Router.php(460): Illuminate\\Routing\\Router->createRoute(Array, '/', Array)
#6 /Users/benjamin/Desktop/laravel/L9V3/vendor/laravel/framework/src/Illuminate/Routing/Router.php(150): Illuminate\\Routing\\Router->addRoute(Array, '/', 'welcome')
#7 /Users/benjamin/Desktop/laravel/L9V3/vendor/laravel/framework/src/Illuminate/Support/Facades/Facade.php(338): Illuminate\\Routing\\Router->get('/', 'welcome')
#8 /Users/benjamin/Desktop/laravel/L9V3/routes/web.php(16): Illuminate\\Support\\Facades\\Facade::__callStatic('get', Array)
#9 /Users/benjamin/Desktop/laravel/L9V3/vendor/laravel/framework/src/Illuminate/Routing/RouteFileRegistrar.php(35): require('/Users/benjamin...')
#10 /Users/benjamin/Desktop/laravel/L9V3/vendor/laravel/framework/src/Illuminate/Routing/Router.php(430): Illuminate\\Routing\\RouteFileRegistrar->register('/Users/benjamin...')
#11 /Users/benjamin/Desktop/laravel/L9V3/vendor/laravel/framework/src/Illuminate/Routing/Router.php(386): Illuminate\\Routing\\Router->loadRoutes('/Users/benjamin...')
#12 /Users/benjamin/Desktop/laravel/L9V3/vendor/laravel/framework/src/Illuminate/Routing/RouteRegistrar.php(165): Illuminate\\Routing\\Router->group(Array, '/Users/benjamin...')
#13 /Users/benjamin/Desktop/laravel/L9V3/app/Providers/RouteServiceProvider.php(37): Illuminate\\Routing\\RouteRegistrar->group('/Users/benjamin...')
#14 /Users/benjamin/Desktop/laravel/L9V3/vendor/laravel/framework/src/Illuminate/Container/BoundMethod.php(36): App\\Providers\\RouteServiceProvider->App\\Providers\\{closure}()
#15 /Users/benjamin/Desktop/laravel/L9V3/vendor/laravel/framework/src/Illuminate/Container/Util.php(41): Illuminate\\Container\\BoundMethod::Illuminate\\Container\\{closure}()
#16 /Users/benjamin/Desktop/laravel/L9V3/vendor/laravel/framework/src/Illuminate/Container/BoundMethod.php(81): Illuminate\\Container\\Util::unwrapIfClosure(Object(Closure))
#17 /Users/benjamin/Desktop/laravel/L9V3/vendor/laravel/framework/src/Illuminate/Container/BoundMethod.php(37): Illuminate\\Container\\BoundMethod::callBoundMethod(Object(Illuminate\\Foundation\\Application), Object(Closure), Object(Closure))
#18 /Users/benjamin/Desktop/laravel/L9V3/vendor/laravel/framework/src/Illuminate/Container/Container.php(651): Illuminate\\Container\\BoundMethod::call(Object(Illuminate\\Foundation\\Application), Object(Closure), Array, NULL)
#19 /Users/benjamin/Desktop/laravel/L9V3/vendor/laravel/framework/src/Illuminate/Foundation/Support/Providers/RouteServiceProvider.php(120): Illuminate\\Container\\Container->call(Object(Closure))
#20 /Users/benjamin/Desktop/laravel/L9V3/vendor/laravel/framework/src/Illuminate/Foundation/Support/Providers/RouteServiceProvider.php(45): Illuminate\\Foundation\\Support\\Providers\\RouteServiceProvider->loadRoutes()
#21 /Users/benjamin/Desktop/laravel/L9V3/vendor/laravel/framework/src/Illuminate/Container/BoundMethod.php(36): Illuminate\\Foundation\\Support\\Providers\\RouteServiceProvider->Illuminate\\Foundation\\Support\\Providers\\{closure}()
#22 /Users/benjamin/Desktop/laravel/L9V3/vendor/laravel/framework/src/Illuminate/Container/Util.php(41): Illuminate\\Container\\BoundMethod::Illuminate\\Container\\{closure}()
#23 /Users/benjamin/Desktop/laravel/L9V3/vendor/laravel/framework/src/Illuminate/Container/BoundMethod.php(81): Illuminate\\Container\\Util::unwrapIfClosure(Object(Closure))
#24 /Users/benjamin/Desktop/laravel/L9V3/vendor/laravel/framework/src/Illuminate/Container/BoundMethod.php(37): Illuminate\\Container\\BoundMethod::callBoundMethod(Object(Illuminate\\Foundation\\Application), Object(Closure), Object(Closure))
#25 /Users/benjamin/Desktop/laravel/L9V3/vendor/laravel/framework/src/Illuminate/Container/Container.php(651): Illuminate\\Container\\BoundMethod::call(Object(Illuminate\\Foundation\\Application), Object(Closure), Array, NULL)
#26 /Users/benjamin/Desktop/laravel/L9V3/vendor/laravel/framework/src/Illuminate/Support/ServiceProvider.php(119): Illuminate\\Container\\Container->call(Object(Closure))
#27 /Users/benjamin/Desktop/laravel/L9V3/vendor/laravel/framework/src/Illuminate/Foundation/Application.php(936): Illuminate\\Support\\ServiceProvider->callBootedCallbacks()
#28 /Users/benjamin/Desktop/laravel/L9V3/vendor/laravel/framework/src/Illuminate/Foundation/Application.php(914): Illuminate\\Foundation\\Application->bootProvider(Object(App\\Providers\\RouteServiceProvider))
#29 [internal function]: Illuminate\\Foundation\\Application->Illuminate\\Foundation\\{closure}(Object(App\\Providers\\RouteServiceProvider), 23)
#30 /Users/benjamin/Desktop/laravel/L9V3/vendor/laravel/framework/src/Illuminate/Foundation/Application.php(915): array_walk(Array, Object(Closure))
#31 /Users/benjamin/Desktop/laravel/L9V3/vendor/laravel/framework/src/Illuminate/Foundation/Bootstrap/BootProviders.php(17): Illuminate\\Foundation\\Application->boot()
#32 /Users/benjamin/Desktop/laravel/L9V3/vendor/laravel/framework/src/Illuminate/Foundation/Application.php(242): Illuminate\\Foundation\\Bootstrap\\BootProviders->bootstrap(Object(Illuminate\\Foundation\\Application))
#33 /Users/benjamin/Desktop/laravel/L9V3/vendor/laravel/framework/src/Illuminate/Foundation/Http/Kernel.php(176): Illuminate\\Foundation\\Application->bootstrapWith(Array)
#34 /Users/benjamin/Desktop/laravel/L9V3/vendor/laravel/framework/src/Illuminate/Foundation/Http/Kernel.php(160): Illuminate\\Foundation\\Http\\Kernel->bootstrap()
#35 /Users/benjamin/Desktop/laravel/L9V3/vendor/laravel/framework/src/Illuminate/Foundation/Http/Kernel.php(134): Illuminate\\Foundation\\Http\\Kernel->sendRequestThroughRouter(Object(Illuminate\\Http\\Request))
#36 /Users/benjamin/Desktop/laravel/L9V3/public/index.php(52): Illuminate\\Foundation\\Http\\Kernel->handle(Object(Illuminate\\Http\\Request))
#37 {main}
"} 
[2022-10-04 20:24:01] local.ERROR: Invalid route action: [welcome]. {"exception":"[object] (UnexpectedValueException(code: 0): Invalid route action: [welcome]. at /Users/benjamin/Desktop/laravel/L9V3/vendor/laravel/framework/src/Illuminate/Routing/RouteAction.php:92)
[stacktrace]
#0 /Users/benjamin/Desktop/laravel/L9V3/vendor/laravel/framework/src/Illuminate/Routing/RouteAction.php(47): Illuminate\\Routing\\RouteAction::makeInvokable('welcome')
#1 /Users/benjamin/Desktop/laravel/L9V3/vendor/laravel/framework/src/Illuminate/Routing/Route.php(190): Illuminate\\Routing\\RouteAction::parse('/', Array)
#2 /Users/benjamin/Desktop/laravel/L9V3/vendor/laravel/framework/src/Illuminate/Routing/Route.php(171): Illuminate\\Routing\\Route->parseAction(Array)
#3 /Users/benjamin/Desktop/laravel/L9V3/vendor/laravel/framework/src/Illuminate/Routing/Router.php(588): Illuminate\\Routing\\Route->__construct(Array, '/', Array)
#4 /Users/benjamin/Desktop/laravel/L9V3/vendor/laravel/framework/src/Illuminate/Routing/Router.php(481): Illuminate\\Routing\\Router->newRoute(Array, '/', Array)
#5 /Users/benjamin/Desktop/laravel/L9V3/vendor/laravel/framework/src/Illuminate/Routing/Router.php(460): Illuminate\\Routing\\Router->createRoute(Array, '/', Array)
#6 /Users/benjamin/Desktop/laravel/L9V3/vendor/laravel/framework/src/Illuminate/Routing/Router.php(150): Illuminate\\Routing\\Router->addRoute(Array, '/', 'welcome')
#7 /Users/benjamin/Desktop/laravel/L9V3/vendor/laravel/framework/src/Illuminate/Support/Facades/Facade.php(338): Illuminate\\Routing\\Router->get('/', 'welcome')
#8 /Users/benjamin/Desktop/laravel/L9V3/routes/web.php(16): Illuminate\\Support\\Facades\\Facade::__callStatic('get', Array)
#9 /Users/benjamin/Desktop/laravel/L9V3/vendor/laravel/framework/src/Illuminate/Routing/RouteFileRegistrar.php(35): require('/Users/benjamin...')
#10 /Users/benjamin/Desktop/laravel/L9V3/vendor/laravel/framework/src/Illuminate/Routing/Router.php(430): Illuminate\\Routing\\RouteFileRegistrar->register('/Users/benjamin...')
#11 /Users/benjamin/Desktop/laravel/L9V3/vendor/laravel/framework/src/Illuminate/Routing/Router.php(386): Illuminate\\Routing\\Router->loadRoutes('/Users/benjamin...')
#12 /Users/benjamin/Desktop/laravel/L9V3/vendor/laravel/framework/src/Illuminate/Routing/RouteRegistrar.php(165): Illuminate\\Routing\\Router->group(Array, '/Users/benjamin...')
#13 /Users/benjamin/Desktop/laravel/L9V3/app/Providers/RouteServiceProvider.php(37): Illuminate\\Routing\\RouteRegistrar->group('/Users/benjamin...')
#14 /Users/benjamin/Desktop/laravel/L9V3/vendor/laravel/framework/src/Illuminate/Container/BoundMethod.php(36): App\\Providers\\RouteServiceProvider->App\\Providers\\{closure}()
#15 /Users/benjamin/Desktop/laravel/L9V3/vendor/laravel/framework/src/Illuminate/Container/Util.php(41): Illuminate\\Container\\BoundMethod::Illuminate\\Container\\{closure}()
#16 /Users/benjamin/Desktop/laravel/L9V3/vendor/laravel/framework/src/Illuminate/Container/BoundMethod.php(81): Illuminate\\Container\\Util::unwrapIfClosure(Object(Closure))
#17 /Users/benjamin/Desktop/laravel/L9V3/vendor/laravel/framework/src/Illuminate/Container/BoundMethod.php(37): Illuminate\\Container\\BoundMethod::callBoundMethod(Object(Illuminate\\Foundation\\Application), Object(Closure), Object(Closure))
#18 /Users/benjamin/Desktop/laravel/L9V3/vendor/laravel/framework/src/Illuminate/Container/Container.php(651): Illuminate\\Container\\BoundMethod::call(Object(Illuminate\\Foundation\\Application), Object(Closure), Array, NULL)
#19 /Users/benjamin/Desktop/laravel/L9V3/vendor/laravel/framework/src/Illuminate/Foundation/Support/Providers/RouteServiceProvider.php(120): Illuminate\\Container\\Container->call(Object(Closure))
#20 /Users/benjamin/Desktop/laravel/L9V3/vendor/laravel/framework/src/Illuminate/Foundation/Support/Providers/RouteServiceProvider.php(45): Illuminate\\Foundation\\Support\\Providers\\RouteServiceProvider->loadRoutes()
#21 /Users/benjamin/Desktop/laravel/L9V3/vendor/laravel/framework/src/Illuminate/Container/BoundMethod.php(36): Illuminate\\Foundation\\Support\\Providers\\RouteServiceProvider->Illuminate\\Foundation\\Support\\Providers\\{closure}()
#22 /Users/benjamin/Desktop/laravel/L9V3/vendor/laravel/framework/src/Illuminate/Container/Util.php(41): Illuminate\\Container\\BoundMethod::Illuminate\\Container\\{closure}()
#23 /Users/benjamin/Desktop/laravel/L9V3/vendor/laravel/framework/src/Illuminate/Container/BoundMethod.php(81): Illuminate\\Container\\Util::unwrapIfClosure(Object(Closure))
#24 /Users/benjamin/Desktop/laravel/L9V3/vendor/laravel/framework/src/Illuminate/Container/BoundMethod.php(37): Illuminate\\Container\\BoundMethod::callBoundMethod(Object(Illuminate\\Foundation\\Application), Object(Closure), Object(Closure))
#25 /Users/benjamin/Desktop/laravel/L9V3/vendor/laravel/framework/src/Illuminate/Container/Container.php(651): Illuminate\\Container\\BoundMethod::call(Object(Illuminate\\Foundation\\Application), Object(Closure), Array, NULL)
#26 /Users/benjamin/Desktop/laravel/L9V3/vendor/laravel/framework/src/Illuminate/Support/ServiceProvider.php(119): Illuminate\\Container\\Container->call(Object(Closure))
#27 /Users/benjamin/Desktop/laravel/L9V3/vendor/laravel/framework/src/Illuminate/Foundation/Application.php(936): Illuminate\\Support\\ServiceProvider->callBootedCallbacks()
#28 /Users/benjamin/Desktop/laravel/L9V3/vendor/laravel/framework/src/Illuminate/Foundation/Application.php(914): Illuminate\\Foundation\\Application->bootProvider(Object(App\\Providers\\RouteServiceProvider))
#29 [internal function]: Illuminate\\Foundation\\Application->Illuminate\\Foundation\\{closure}(Object(App\\Providers\\RouteServiceProvider), 23)
#30 /Users/benjamin/Desktop/laravel/L9V3/vendor/laravel/framework/src/Illuminate/Foundation/Application.php(915): array_walk(Array, Object(Closure))
#31 /Users/benjamin/Desktop/laravel/L9V3/vendor/laravel/framework/src/Illuminate/Foundation/Bootstrap/BootProviders.php(17): Illuminate\\Foundation\\Application->boot()
#32 /Users/benjamin/Desktop/laravel/L9V3/vendor/laravel/framework/src/Illuminate/Foundation/Application.php(242): Illuminate\\Foundation\\Bootstrap\\BootProviders->bootstrap(Object(Illuminate\\Foundation\\Application))
#33 /Users/benjamin/Desktop/laravel/L9V3/vendor/laravel/framework/src/Illuminate/Foundation/Http/Kernel.php(176): Illuminate\\Foundation\\Application->bootstrapWith(Array)
#34 /Users/benjamin/Desktop/laravel/L9V3/vendor/laravel/framework/src/Illuminate/Foundation/Http/Kernel.php(160): Illuminate\\Foundation\\Http\\Kernel->bootstrap()
#35 /Users/benjamin/Desktop/laravel/L9V3/vendor/laravel/framework/src/Illuminate/Foundation/Http/Kernel.php(134): Illuminate\\Foundation\\Http\\Kernel->sendRequestThroughRouter(Object(Illuminate\\Http\\Request))
#36 /Users/benjamin/Desktop/laravel/L9V3/public/index.php(52): Illuminate\\Foundation\\Http\\Kernel->handle(Object(Illuminate\\Http\\Request))
#37 {main}
"} 
